<?xml version="1.0" encoding="UTF-8"?>
<!-- Generated by org.testng.reporters.JUnitReportReporter -->
<testsuite skipped="0" hostname="DESKTOP-IHPL1DQ" name="com.usa.Parent.Parent" tests="1" failures="0" timestamp="09 Apr 2020 21:15:17 GMT" time="10.920" errors="0">
  <testcase name="setup" time="10.920" classname="com.usa.Parent.Parent"/>
</testsuite> <!-- com.usa.Parent.Parent -->
