<?xml version="1.0" encoding="UTF-8"?>
<!-- Generated by org.testng.reporters.JUnitReportReporter -->
<testsuite skipped="0" hostname="DESKTOP-IHPL1DQ" name="com.usa.StepDef.LoginTest" tests="1" failures="0" timestamp="09 Apr 2020 21:28:49 GMT" time="10.727" errors="0">
  <testcase name="setup" time="10.727" classname="com.usa.StepDef.LoginTest"/>
</testsuite> <!-- com.usa.StepDef.LoginTest -->
