<?xml version="1.0" encoding="UTF-8"?>
<!-- Generated by org.testng.reporters.JUnitReportReporter -->
<testsuite skipped="0" hostname="DESKTOP-IHPL1DQ" name="com.usa.Runner.HomepageTest" tests="2" failures="0" timestamp="10 Apr 2020 00:06:08 GMT" time="33.453" errors="0">
  <testcase name="feature" time="17.476" classname="com.usa.Runner.HomepageTest"/>
  <testcase name="feature" time="15.977" classname="com.usa.Runner.HomepageTest"/>
</testsuite> <!-- com.usa.Runner.HomepageTest -->
