<?xml version="1.0" encoding="UTF-8"?>
<!-- Generated by org.testng.reporters.JUnitReportReporter -->
<testsuite skipped="0" hostname="DESKTOP-IHPL1DQ" name="com.usa.Runner.LoginTest" tests="2" failures="0" timestamp="10 Apr 2020 00:06:08 GMT" time="44.818" errors="0">
  <testcase name="feature" time="25.942" classname="com.usa.Runner.LoginTest"/>
  <testcase name="feature" time="18.876" classname="com.usa.Runner.LoginTest"/>
</testsuite> <!-- com.usa.Runner.LoginTest -->
