<?xml version="1.0" encoding="UTF-8"?>
<!-- Generated by org.testng.reporters.JUnitReportReporter -->
<testsuite skipped="0" hostname="DESKTOP-IHPL1DQ" name="com.usa.Parent.CrossTest" tests="1" failures="0" timestamp="09 Apr 2020 21:01:27 GMT" time="30.071" errors="0">
  <testcase name="crossstest" time="30.071" classname="com.usa.Parent.CrossTest"/>
</testsuite> <!-- com.usa.Parent.CrossTest -->
